This file contains any messages produced by compilers while
running configure, to aid debugging if configure makes a mistake.

configure:597: checking for a BSD compatible install
configure:650: checking whether build environment is sane
configure:707: checking whether make sets ${MAKE}
configure:753: checking for working aclocal
configure:766: checking for working autoconf
configure:779: checking for working automake
configure:792: checking for working autoheader
configure:805: checking for working makeinfo
configure:832: checking host system type
configure:877: checking for gcc
configure:990: checking whether the C compiler (gcc  ) works
configure:1006: gcc -o conftest    conftest.c  1>&5
configure:1003:1: error: type specifier missing, defaults to 'int'; ISO C99 and later do not support implicit int [-Wimplicit-int]
 1003 | main(){return(0);}
      | ^
      | int
1 error generated.
configure: failed program was:

#line 1001 "configure"
#include "confdefs.h"

main(){return(0);}
